2014-05-06 11:36:00.357 GPS Recorder[9786:70b] Multi-tasking -> Device: YES, App: YES
2014-05-06 11:36:00.418 GPS Recorder[9786:70b] Unlimited access to network resources
2014-05-06 11:36:02.098 GPS Recorder[9786:70b] Resetting plugins due to page load.
2014-05-06 11:36:02.549 GPS Recorder[9786:70b] Finished load of: file:///Users/jpetrello001/Library/Application%20Support/iPhone%20Simulator/7.1/Applications/D53AEA5C-94B9-455F-9E18-63F7E2C62C6E/GPS%20Recorder.app/www/index.html
2014-05-06 11:36:53.373 GPS Recorder[9917:70b] Multi-tasking -> Device: YES, App: YES
2014-05-06 11:36:53.380 GPS Recorder[9917:70b] Unlimited access to network resources
2014-05-06 11:36:53.435 GPS Recorder[9917:70b] Resetting plugins due to page load.
2014-05-06 11:36:53.463 GPS Recorder[9917:70b] Finished load of: file:///Users/jpetrello001/Library/Application%20Support/iPhone%20Simulator/7.1/Applications/D53AEA5C-94B9-455F-9E18-63F7E2C62C6E/GPS%20Recorder.app/www/index.html
2014-05-06 11:37:32.560 GPS Recorder[10018:70b] Multi-tasking -> Device: YES, App: YES
2014-05-06 11:37:32.571 GPS Recorder[10018:70b] Unlimited access to network resources
2014-05-06 11:37:32.745 GPS Recorder[10018:70b] Resetting plugins due to page load.
2014-05-06 11:37:32.792 GPS Recorder[10018:70b] Finished load of: file:///Users/jpetrello001/Library/Application%20Support/iPhone%20Simulator/7.1/Applications/D53AEA5C-94B9-455F-9E18-63F7E2C62C6E/GPS%20Recorder.app/www/index.html
2014-05-06 11:43:01.434 GPS Recorder[10185:70b] Multi-tasking -> Device: YES, App: YES
2014-05-06 11:43:01.445 GPS Recorder[10185:70b] Unlimited access to network resources
2014-05-06 11:43:01.622 GPS Recorder[10185:70b] Resetting plugins due to page load.
2014-05-06 11:43:01.677 GPS Recorder[10185:70b] Finished load of: file:///Users/jpetrello001/Library/Application%20Support/iPhone%20Simulator/7.1/Applications/D53AEA5C-94B9-455F-9E18-63F7E2C62C6E/GPS%20Recorder.app/www/index.html
2014-05-06 11:44:37.708 GPS Recorder[10345:70b] Multi-tasking -> Device: YES, App: YES
2014-05-06 11:44:37.719 GPS Recorder[10345:70b] Unlimited access to network resources
2014-05-06 11:44:37.880 GPS Recorder[10345:70b] Resetting plugins due to page load.
2014-05-06 11:44:37.948 GPS Recorder[10345:70b] Finished load of: file:///Users/jpetrello001/Library/Application%20Support/iPhone%20Simulator/7.1/Applications/D53AEA5C-94B9-455F-9E18-63F7E2C62C6E/GPS%20Recorder.app/www/index.html
2014-05-06 11:47:39.758 GPS Recorder[10507:70b] Multi-tasking -> Device: YES, App: YES
2014-05-06 11:47:39.769 GPS Recorder[10507:70b] Unlimited access to network resources
2014-05-06 11:47:39.928 GPS Recorder[10507:70b] Resetting plugins due to page load.
2014-05-06 11:47:39.976 GPS Recorder[10507:70b] Finished load of: file:///Users/jpetrello001/Library/Application%20Support/iPhone%20Simulator/7.1/Applications/D53AEA5C-94B9-455F-9E18-63F7E2C62C6E/GPS%20Recorder.app/www/index.html
2014-05-06 11:59:18.980 GPS Recorder[10705:70b] Multi-tasking -> Device: YES, App: YES
2014-05-06 11:59:18.991 GPS Recorder[10705:70b] Unlimited access to network resources
2014-05-06 11:59:19.159 GPS Recorder[10705:70b] Resetting plugins due to page load.
2014-05-06 11:59:19.215 GPS Recorder[10705:70b] Finished load of: file:///Users/jpetrello001/Library/Application%20Support/iPhone%20Simulator/7.1/Applications/D53AEA5C-94B9-455F-9E18-63F7E2C62C6E/GPS%20Recorder.app/www/index.html
2014-05-06 12:04:40.394 GPS Recorder[10884:70b] Multi-tasking -> Device: YES, App: YES
2014-05-06 12:04:40.405 GPS Recorder[10884:70b] Unlimited access to network resources
2014-05-06 12:04:40.563 GPS Recorder[10884:70b] Resetting plugins due to page load.
2014-05-06 12:04:40.722 GPS Recorder[10884:70b] Finished load of: file:///Users/jpetrello001/Library/Application%20Support/iPhone%20Simulator/7.1/Applications/D53AEA5C-94B9-455F-9E18-63F7E2C62C6E/GPS%20Recorder.app/www/index.html
2014-05-06 12:06:00.775 GPS Recorder[11050:70b] Multi-tasking -> Device: YES, App: YES
2014-05-06 12:06:00.785 GPS Recorder[11050:70b] Unlimited access to network resources
2014-05-06 12:06:00.953 GPS Recorder[11050:70b] Resetting plugins due to page load.
2014-05-06 12:06:01.056 GPS Recorder[11050:70b] Finished load of: file:///Users/jpetrello001/Library/Application%20Support/iPhone%20Simulator/7.1/Applications/D53AEA5C-94B9-455F-9E18-63F7E2C62C6E/GPS%20Recorder.app/www/index.html
2014-05-06 12:13:59.174 GPS Recorder[11222:70b] Multi-tasking -> Device: YES, App: YES
2014-05-06 12:13:59.185 GPS Recorder[11222:70b] Unlimited access to network resources
2014-05-06 12:13:59.369 GPS Recorder[11222:70b] Resetting plugins due to page load.
2014-05-06 12:13:59.464 GPS Recorder[11222:70b] Finished load of: file:///Users/jpetrello001/Library/Application%20Support/iPhone%20Simulator/7.1/Applications/D53AEA5C-94B9-455F-9E18-63F7E2C62C6E/GPS%20Recorder.app/www/index.html
2014-05-06 12:14:41.173 GPS Recorder[11381:70b] Multi-tasking -> Device: YES, App: YES
2014-05-06 12:14:41.186 GPS Recorder[11381:70b] Unlimited access to network resources
2014-05-06 12:14:41.366 GPS Recorder[11381:70b] Resetting plugins due to page load.
2014-05-06 12:14:41.451 GPS Recorder[11381:70b] Finished load of: file:///Users/jpetrello001/Library/Application%20Support/iPhone%20Simulator/7.1/Applications/D53AEA5C-94B9-455F-9E18-63F7E2C62C6E/GPS%20Recorder.app/www/index.html
2014-05-06 12:24:50.175 GPS Recorder[11585:70b] Multi-tasking -> Device: YES, App: YES
2014-05-06 12:24:50.186 GPS Recorder[11585:70b] Unlimited access to network resources
2014-05-06 12:24:50.350 GPS Recorder[11585:70b] Resetting plugins due to page load.
2014-05-06 12:24:50.435 GPS Recorder[11585:70b] Finished load of: file:///Users/jpetrello001/Library/Application%20Support/iPhone%20Simulator/7.1/Applications/D53AEA5C-94B9-455F-9E18-63F7E2C62C6E/GPS%20Recorder.app/www/index.html
2014-05-06 12:25:43.336 GPS Recorder[11746:70b] Multi-tasking -> Device: YES, App: YES
2014-05-06 12:25:43.347 GPS Recorder[11746:70b] Unlimited access to network resources
2014-05-06 12:25:43.536 GPS Recorder[11746:70b] Resetting plugins due to page load.
2014-05-06 12:25:43.630 GPS Recorder[11746:70b] Finished load of: file:///Users/jpetrello001/Library/Application%20Support/iPhone%20Simulator/7.1/Applications/D53AEA5C-94B9-455F-9E18-63F7E2C62C6E/GPS%20Recorder.app/www/index.html
2014-05-06 12:27:22.577 GPS Recorder[11913:70b] Multi-tasking -> Device: YES, App: YES
2014-05-06 12:27:22.588 GPS Recorder[11913:70b] Unlimited access to network resources
2014-05-06 12:27:22.751 GPS Recorder[11913:70b] Resetting plugins due to page load.
2014-05-06 12:27:22.906 GPS Recorder[11913:70b] Finished load of: file:///Users/jpetrello001/Library/Application%20Support/iPhone%20Simulator/7.1/Applications/D53AEA5C-94B9-455F-9E18-63F7E2C62C6E/GPS%20Recorder.app/www/index.html
2014-05-06 14:20:09.936 GPS Recorder[12234:70b] Multi-tasking -> Device: YES, App: YES
2014-05-06 14:20:09.946 GPS Recorder[12234:70b] Unlimited access to network resources
2014-05-06 14:20:10.175 GPS Recorder[12234:70b] Resetting plugins due to page load.
2014-05-06 14:20:10.315 GPS Recorder[12234:70b] Finished load of: file:///Users/jpetrello001/Library/Application%20Support/iPhone%20Simulator/7.1/Applications/D53AEA5C-94B9-455F-9E18-63F7E2C62C6E/GPS%20Recorder.app/www/index.html
2014-05-06 14:21:37.908 GPS Recorder[12397:70b] Multi-tasking -> Device: YES, App: YES
2014-05-06 14:21:37.918 GPS Recorder[12397:70b] Unlimited access to network resources
2014-05-06 14:21:38.099 GPS Recorder[12397:70b] Resetting plugins due to page load.
2014-05-06 14:21:38.185 GPS Recorder[12397:70b] Finished load of: file:///Users/jpetrello001/Library/Application%20Support/iPhone%20Simulator/7.1/Applications/D53AEA5C-94B9-455F-9E18-63F7E2C62C6E/GPS%20Recorder.app/www/index.html
2014-05-06 14:22:30.702 GPS Recorder[12653:70b] Multi-tasking -> Device: YES, App: YES
2014-05-06 14:22:30.715 GPS Recorder[12653:70b] Unlimited access to network resources
2014-05-06 14:22:30.903 GPS Recorder[12653:70b] Resetting plugins due to page load.
2014-05-06 14:22:31.108 GPS Recorder[12653:70b] Finished load of: file:///Users/jpetrello001/Library/Application%20Support/iPhone%20Simulator/7.1/Applications/D53AEA5C-94B9-455F-9E18-63F7E2C62C6E/GPS%20Recorder.app/www/index.html
Terminating in response to SpringBoard's termination.
2014-05-06 14:24:47.461 GPS Recorder[12818:70b] Multi-tasking -> Device: YES, App: YES
2014-05-06 14:24:47.471 GPS Recorder[12818:70b] Unlimited access to network resources
2014-05-06 14:24:47.638 GPS Recorder[12818:70b] Resetting plugins due to page load.
2014-05-06 14:24:47.730 GPS Recorder[12818:70b] Finished load of: file:///Users/jpetrello001/Library/Application%20Support/iPhone%20Simulator/7.1/Applications/D53AEA5C-94B9-455F-9E18-63F7E2C62C6E/GPS%20Recorder.app/www/index.html
2014-05-06 14:25:35.045 GPS Recorder[12980:70b] Multi-tasking -> Device: YES, App: YES
2014-05-06 14:25:35.056 GPS Recorder[12980:70b] Unlimited access to network resources
2014-05-06 14:25:35.247 GPS Recorder[12980:70b] Resetting plugins due to page load.
2014-05-06 14:25:35.333 GPS Recorder[12980:70b] Finished load of: file:///Users/jpetrello001/Library/Application%20Support/iPhone%20Simulator/7.1/Applications/D53AEA5C-94B9-455F-9E18-63F7E2C62C6E/GPS%20Recorder.app/www/index.html
2014-05-06 15:01:43.520 GPS Recorder[13301:70b] Multi-tasking -> Device: YES, App: YES
2014-05-06 15:01:43.530 GPS Recorder[13301:70b] Unlimited access to network resources
2014-05-06 15:01:43.557 GPS Recorder[13301:70b] [CDVTimer][file] 2.614021ms
2014-05-06 15:01:43.558 GPS Recorder[13301:70b] [CDVTimer][TotalPluginStartup] 3.241956ms
2014-05-06 15:01:43.719 GPS Recorder[13301:70b] Resetting plugins due to page load.
2014-05-06 15:01:43.816 GPS Recorder[13301:70b] Finished load of: file:///Users/jpetrello001/Library/Application%20Support/iPhone%20Simulator/7.1/Applications/D53AEA5C-94B9-455F-9E18-63F7E2C62C6E/GPS%20Recorder.app/www/index.html
2014-05-06 15:03:07.508 GPS Recorder[13506:70b] Multi-tasking -> Device: YES, App: YES
2014-05-06 15:03:07.518 GPS Recorder[13506:70b] Unlimited access to network resources
2014-05-06 15:03:07.544 GPS Recorder[13506:70b] [CDVTimer][file] 2.395034ms
2014-05-06 15:03:07.545 GPS Recorder[13506:70b] [CDVTimer][TotalPluginStartup] 3.018022ms
2014-05-06 15:03:07.722 GPS Recorder[13506:70b] Resetting plugins due to page load.
2014-05-06 15:03:07.820 GPS Recorder[13506:70b] Finished load of: file:///Users/jpetrello001/Library/Application%20Support/iPhone%20Simulator/7.1/Applications/D53AEA5C-94B9-455F-9E18-63F7E2C62C6E/GPS%20Recorder.app/www/index.html
2014-05-06 15:03:48.344 GPS Recorder[13708:70b] Multi-tasking -> Device: YES, App: YES
2014-05-06 15:03:48.355 GPS Recorder[13708:70b] Unlimited access to network resources
2014-05-06 15:03:48.382 GPS Recorder[13708:70b] [CDVTimer][file] 2.357006ms
2014-05-06 15:03:48.382 GPS Recorder[13708:70b] [CDVTimer][TotalPluginStartup] 2.977014ms
2014-05-06 15:03:48.540 GPS Recorder[13708:70b] Resetting plugins due to page load.
2014-05-06 15:03:48.653 GPS Recorder[13708:70b] Finished load of: file:///Users/jpetrello001/Library/Application%20Support/iPhone%20Simulator/7.1/Applications/D53AEA5C-94B9-455F-9E18-63F7E2C62C6E/GPS%20Recorder.app/www/index.html
2014-05-06 15:31:45.922 GPS Recorder[14043:70b] Multi-tasking -> Device: YES, App: YES
2014-05-06 15:31:45.934 GPS Recorder[14043:70b] Unlimited access to network resources
2014-05-06 15:31:45.967 GPS Recorder[14043:70b] [CDVTimer][file] 2.794981ms
2014-05-06 15:31:45.967 GPS Recorder[14043:70b] [CDVTimer][TotalPluginStartup] 3.409982ms
2014-05-06 15:31:46.104 GPS Recorder[14043:70b] Resetting plugins due to page load.
2014-05-06 15:31:46.192 GPS Recorder[14043:70b] Finished load of: file:///Users/jpetrello001/Library/Application%20Support/iPhone%20Simulator/7.1/Applications/D53AEA5C-94B9-455F-9E18-63F7E2C62C6E/GPS%20Recorder.app/www/index.html
2014-05-06 15:32:42.823 GPS Recorder[14043:70b] locationManager::didFailWithError (null)
2014-05-06 15:35:15.228 GPS Recorder[14184:70b] Multi-tasking -> Device: YES, App: YES
2014-05-06 15:35:15.239 GPS Recorder[14184:70b] Unlimited access to network resources
2014-05-06 15:35:15.264 GPS Recorder[14184:70b] [CDVTimer][file] 2.389967ms
2014-05-06 15:35:15.264 GPS Recorder[14184:70b] [CDVTimer][TotalPluginStartup] 3.013015ms
2014-05-06 15:35:15.421 GPS Recorder[14184:70b] Resetting plugins due to page load.
2014-05-06 15:35:15.529 GPS Recorder[14184:70b] Finished load of: file:///Users/jpetrello001/Library/Application%20Support/iPhone%20Simulator/7.1/Applications/D53AEA5C-94B9-455F-9E18-63F7E2C62C6E/GPS%20Recorder.app/www/index.html
2014-05-06 15:36:09.502 GPS Recorder[14184:70b] locationManager::didFailWithError (null)
2014-05-06 15:36:45.802 GPS Recorder[14184:70b] Resetting plugins due to page load.
2014-05-06 15:36:45.893 GPS Recorder[14184:70b] Finished load of: file:///Users/jpetrello001/Library/Application%20Support/iPhone%20Simulator/7.1/Applications/D53AEA5C-94B9-455F-9E18-63F7E2C62C6E/GPS%20Recorder.app/www/index.html
2014-05-06 15:38:32.696 GPS Recorder[14323:70b] Multi-tasking -> Device: YES, App: YES
2014-05-06 15:38:32.707 GPS Recorder[14323:70b] Unlimited access to network resources
2014-05-06 15:38:32.737 GPS Recorder[14323:70b] [CDVTimer][file] 2.460957ms
2014-05-06 15:38:32.738 GPS Recorder[14323:70b] [CDVTimer][TotalPluginStartup] 3.053010ms
2014-05-06 15:38:32.894 GPS Recorder[14323:70b] Resetting plugins due to page load.
2014-05-06 15:38:33.031 GPS Recorder[14323:70b] Finished load of: file:///Users/jpetrello001/Library/Application%20Support/iPhone%20Simulator/7.1/Applications/D53AEA5C-94B9-455F-9E18-63F7E2C62C6E/GPS%20Recorder.app/www/index.html
2014-05-06 15:48:22.558 GPS Recorder[14476:70b] Multi-tasking -> Device: YES, App: YES
2014-05-06 15:48:22.569 GPS Recorder[14476:70b] Unlimited access to network resources
2014-05-06 15:48:22.615 GPS Recorder[14476:70b] [CDVTimer][file] 2.425015ms
2014-05-06 15:48:22.616 GPS Recorder[14476:70b] [CDVTimer][TotalPluginStartup] 3.093004ms
2014-05-06 15:48:22.747 GPS Recorder[14476:70b] Resetting plugins due to page load.
2014-05-06 15:48:22.856 GPS Recorder[14476:70b] Finished load of: file:///Users/jpetrello001/Library/Application%20Support/iPhone%20Simulator/7.1/Applications/D53AEA5C-94B9-455F-9E18-63F7E2C62C6E/GPS%20Recorder.app/www/index.html
2014-05-06 15:49:19.081 GPS Recorder[14476:70b] THREAD WARNING: ['File'] took '18966.765137' ms. Plugin should use a background thread.
2014-05-06 15:49:19.084 GPS Recorder[14476:4103] void SendDelegateMessage(NSInvocation *): delegate (webView:decidePolicyForNavigationAction:request:frame:decisionListener:) failed to return after waiting 10 seconds. main run loop mode: kCFRunLoopDefaultMode
2014-05-06 15:49:20.484 GPS Recorder[14476:70b] THREAD WARNING: ['File'] took '1396.650146' ms. Plugin should use a background thread.
2014-05-06 16:04:50.586 GPS Recorder[14702:70b] Multi-tasking -> Device: YES, App: YES
2014-05-06 16:04:50.597 GPS Recorder[14702:70b] Unlimited access to network resources
2014-05-06 16:04:50.637 GPS Recorder[14702:70b] [CDVTimer][file] 2.444029ms
2014-05-06 16:04:50.638 GPS Recorder[14702:70b] [CDVTimer][TotalPluginStartup] 3.054976ms
2014-05-06 16:04:50.783 GPS Recorder[14702:70b] Resetting plugins due to page load.
2014-05-06 16:04:50.868 GPS Recorder[14702:70b] Finished load of: file:///Users/jpetrello001/Library/Application%20Support/iPhone%20Simulator/7.1/Applications/D53AEA5C-94B9-455F-9E18-63F7E2C62C6E/GPS%20Recorder.app/www/index.html
2014-05-06 16:05:08.478 GPS Recorder[14702:70b] THREAD WARNING: ['File'] took '2084.787109' ms. Plugin should use a background thread.
2014-05-06 16:06:15.582 GPS Recorder[14839:70b] Multi-tasking -> Device: YES, App: YES
2014-05-06 16:06:15.592 GPS Recorder[14839:70b] Unlimited access to network resources
2014-05-06 16:06:15.624 GPS Recorder[14839:70b] [CDVTimer][file] 2.494037ms
2014-05-06 16:06:15.636 GPS Recorder[14839:70b] [CDVTimer][TotalPluginStartup] 14.544010ms
2014-05-06 16:06:15.792 GPS Recorder[14839:70b] Resetting plugins due to page load.
2014-05-06 16:06:15.894 GPS Recorder[14839:70b] Finished load of: file:///Users/jpetrello001/Library/Application%20Support/iPhone%20Simulator/7.1/Applications/D53AEA5C-94B9-455F-9E18-63F7E2C62C6E/GPS%20Recorder.app/www/index.html
2014-05-06 16:06:37.202 GPS Recorder[14839:70b] THREAD WARNING: ['File'] took '1972.801758' ms. Plugin should use a background thread.
2014-05-06 16:07:04.224 GPS Recorder[14973:70b] Multi-tasking -> Device: YES, App: YES
2014-05-06 16:07:04.236 GPS Recorder[14973:70b] Unlimited access to network resources
2014-05-06 16:07:04.261 GPS Recorder[14973:70b] [CDVTimer][file] 2.324998ms
2014-05-06 16:07:04.262 GPS Recorder[14973:70b] [CDVTimer][TotalPluginStartup] 2.929986ms
2014-05-06 16:07:04.435 GPS Recorder[14973:70b] Resetting plugins due to page load.
2014-05-06 16:07:04.553 GPS Recorder[14973:70b] Finished load of: file:///Users/jpetrello001/Library/Application%20Support/iPhone%20Simulator/7.1/Applications/D53AEA5C-94B9-455F-9E18-63F7E2C62C6E/GPS%20Recorder.app/www/index.html
2014-05-06 16:07:21.759 GPS Recorder[14973:70b] THREAD WARNING: ['File'] took '1682.753174' ms. Plugin should use a background thread.
2014-05-06 16:08:19.574 GPS Recorder[15109:70b] Multi-tasking -> Device: YES, App: YES
2014-05-06 16:08:19.585 GPS Recorder[15109:70b] Unlimited access to network resources
2014-05-06 16:08:19.616 GPS Recorder[15109:70b] [CDVTimer][file] 2.587020ms
2014-05-06 16:08:19.617 GPS Recorder[15109:70b] [CDVTimer][TotalPluginStartup] 3.293037ms
2014-05-06 16:08:19.761 GPS Recorder[15109:70b] Resetting plugins due to page load.
2014-05-06 16:08:19.846 GPS Recorder[15109:70b] Finished load of: file:///Users/jpetrello001/Library/Application%20Support/iPhone%20Simulator/7.1/Applications/D53AEA5C-94B9-455F-9E18-63F7E2C62C6E/GPS%20Recorder.app/www/index.html
2014-05-06 16:08:31.763 GPS Recorder[15109:70b] THREAD WARNING: ['File'] took '1477.822021' ms. Plugin should use a background thread.
2014-05-06 16:08:33.529 GPS Recorder[15109:70b] THREAD WARNING: ['File'] took '1750.500000' ms. Plugin should use a background thread.
2014-05-06 16:15:20.817 GPS Recorder[15270:70b] Multi-tasking -> Device: YES, App: YES
2014-05-06 16:15:20.828 GPS Recorder[15270:70b] Unlimited access to network resources
2014-05-06 16:15:20.855 GPS Recorder[15270:70b] [CDVTimer][file] 2.511978ms
2014-05-06 16:15:20.855 GPS Recorder[15270:70b] [CDVTimer][TotalPluginStartup] 3.149986ms
2014-05-06 16:15:20.967 GPS Recorder[15270:70b] Resetting plugins due to page load.
2014-05-06 16:15:21.050 GPS Recorder[15270:70b] Finished load of: file:///Users/jpetrello001/Library/Application%20Support/iPhone%20Simulator/7.1/Applications/D53AEA5C-94B9-455F-9E18-63F7E2C62C6E/GPS%20Recorder.app/www/index.html
2014-05-06 16:15:30.793 GPS Recorder[15270:70b] THREAD WARNING: ['File'] took '1665.889893' ms. Plugin should use a background thread.
2014-05-06 16:15:31.058 GPS Recorder[15270:70b] THREAD WARNING: ['File'] took '260.247803' ms. Plugin should use a background thread.
2014-05-06 16:15:31.308 GPS Recorder[15270:70b] THREAD WARNING: ['File'] took '244.720947' ms. Plugin should use a background thread.
2014-05-06 16:16:01.248 GPS Recorder[15270:70b] THREAD WARNING: ['File'] took '1642.658203' ms. Plugin should use a background thread.
2014-05-06 16:16:01.284 GPS Recorder[15270:70b] THREAD WARNING: ['File'] took '19.641113' ms. Plugin should use a background thread.
2014-05-06 16:16:37.183 GPS Recorder[15408:70b] Multi-tasking -> Device: YES, App: YES
2014-05-06 16:16:37.194 GPS Recorder[15408:70b] Unlimited access to network resources
2014-05-06 16:16:37.249 GPS Recorder[15408:70b] [CDVTimer][file] 2.426982ms
2014-05-06 16:16:37.258 GPS Recorder[15408:70b] [CDVTimer][TotalPluginStartup] 11.460006ms
2014-05-06 16:16:37.362 GPS Recorder[15408:70b] Resetting plugins due to page load.
2014-05-06 16:16:37.451 GPS Recorder[15408:70b] Finished load of: file:///Users/jpetrello001/Library/Application%20Support/iPhone%20Simulator/7.1/Applications/D53AEA5C-94B9-455F-9E18-63F7E2C62C6E/GPS%20Recorder.app/www/index.html
2014-05-06 16:16:53.554 GPS Recorder[15408:70b] THREAD WARNING: ['File'] took '1778.507812' ms. Plugin should use a background thread.
2014-05-06 16:16:57.575 GPS Recorder[15408:70b] THREAD WARNING: ['File'] took '4010.042236' ms. Plugin should use a background thread.
Terminating in response to SpringBoard's termination.
2014-05-06 16:18:25.226 GPS Recorder[15548:70b] Multi-tasking -> Device: YES, App: YES
2014-05-06 16:18:25.236 GPS Recorder[15548:70b] Unlimited access to network resources
2014-05-06 16:18:25.264 GPS Recorder[15548:70b] [CDVTimer][file] 2.393007ms
2014-05-06 16:18:25.265 GPS Recorder[15548:70b] [CDVTimer][TotalPluginStartup] 3.355980ms
2014-05-06 16:18:25.387 GPS Recorder[15548:70b] Resetting plugins due to page load.
2014-05-06 16:18:25.469 GPS Recorder[15548:70b] Finished load of: file:///Users/jpetrello001/Library/Application%20Support/iPhone%20Simulator/7.1/Applications/D53AEA5C-94B9-455F-9E18-63F7E2C62C6E/GPS%20Recorder.app/www/index.html
2014-05-06 16:52:02.850 GPS Recorder[15548:70b] THREAD WARNING: ['File'] took '15.052979' ms. Plugin should use a background thread.
2014-05-06 16:52:02.912 GPS Recorder[15548:70b] THREAD WARNING: ['File'] took '32.815918' ms. Plugin should use a background thread.
2014-05-06 16:52:03.031 GPS Recorder[15548:70b] Attachment path not found: file:///Users/jpetrello001/Library/Application%20Support/iPhone%20Simulator/7.1/Applications/D53AEA5C-94B9-455F-9E18-63F7E2C62C6E/Documents/log.json
2014-05-06 16:52:03.032 GPS Recorder[15548:70b] THREAD WARNING: ['EmailComposer'] took '119.064941' ms. Plugin should use a background thread.
2014-05-06 16:55:35.454 GPS Recorder[15745:70b] Multi-tasking -> Device: YES, App: YES
2014-05-06 16:55:35.473 GPS Recorder[15745:70b] Unlimited access to network resources
2014-05-06 16:55:35.508 GPS Recorder[15745:70b] [CDVTimer][file] 2.395034ms
2014-05-06 16:55:35.509 GPS Recorder[15745:70b] [CDVTimer][TotalPluginStartup] 3.072023ms
2014-05-06 16:55:35.610 GPS Recorder[15745:70b] Resetting plugins due to page load.
2014-05-06 16:55:35.702 GPS Recorder[15745:70b] Finished load of: file:///Users/jpetrello001/Library/Application%20Support/iPhone%20Simulator/7.1/Applications/D53AEA5C-94B9-455F-9E18-63F7E2C62C6E/GPS%20Recorder.app/www/index.html
2014-05-06 16:55:49.698 GPS Recorder[15745:70b] THREAD WARNING: ['File'] took '23.100098' ms. Plugin should use a background thread.
2014-05-06 16:55:52.809 GPS Recorder[15745:70b] THREAD WARNING: ['EmailComposer'] took '3110.007080' ms. Plugin should use a background thread.
2014-05-06 16:55:52.819 GPS Recorder[15745:70b] Attachment path not found: file:///Users/jpetrello001/Library/Application%20Support/iPhone%20Simulator/7.1/Applications/D53AEA5C-94B9-455F-9E18-63F7E2C62C6E/Documents/log.json
2014-05-06 17:03:40.076 GPS Recorder[15916:70b] Multi-tasking -> Device: YES, App: YES
2014-05-06 17:03:40.087 GPS Recorder[15916:70b] Unlimited access to network resources
2014-05-06 17:03:40.116 GPS Recorder[15916:70b] [CDVTimer][file] 2.533972ms
2014-05-06 17:03:40.117 GPS Recorder[15916:70b] [CDVTimer][TotalPluginStartup] 3.151000ms
2014-05-06 17:03:40.217 GPS Recorder[15916:70b] Resetting plugins due to page load.
2014-05-06 17:03:40.303 GPS Recorder[15916:70b] Finished load of: file:///Users/jpetrello001/Library/Application%20Support/iPhone%20Simulator/7.1/Applications/D53AEA5C-94B9-455F-9E18-63F7E2C62C6E/GPS%20Recorder.app/www/index.html
2014-05-06 17:05:04.840 GPS Recorder[16056:70b] Multi-tasking -> Device: YES, App: YES
2014-05-06 17:05:04.854 GPS Recorder[16056:70b] Unlimited access to network resources
2014-05-06 17:05:04.888 GPS Recorder[16056:70b] [CDVTimer][file] 2.269030ms
2014-05-06 17:05:04.888 GPS Recorder[16056:70b] [CDVTimer][TotalPluginStartup] 2.883017ms
2014-05-06 17:05:04.987 GPS Recorder[16056:70b] Resetting plugins due to page load.
2014-05-06 17:05:05.075 GPS Recorder[16056:70b] Finished load of: file:///Users/jpetrello001/Library/Application%20Support/iPhone%20Simulator/7.1/Applications/D53AEA5C-94B9-455F-9E18-63F7E2C62C6E/GPS%20Recorder.app/www/index.html
2014-05-06 17:06:15.771 GPS Recorder[16197:70b] Multi-tasking -> Device: YES, App: YES
2014-05-06 17:06:15.782 GPS Recorder[16197:70b] Unlimited access to network resources
2014-05-06 17:06:15.807 GPS Recorder[16197:70b] [CDVTimer][file] 2.370000ms
2014-05-06 17:06:15.808 GPS Recorder[16197:70b] [CDVTimer][TotalPluginStartup] 2.976954ms
2014-05-06 17:06:15.933 GPS Recorder[16197:70b] Resetting plugins due to page load.
2014-05-06 17:06:16.020 GPS Recorder[16197:70b] Finished load of: file:///Users/jpetrello001/Library/Application%20Support/iPhone%20Simulator/7.1/Applications/D53AEA5C-94B9-455F-9E18-63F7E2C62C6E/GPS%20Recorder.app/www/index.html
2014-05-06 17:16:00.199 GPS Recorder[16333:70b] Multi-tasking -> Device: YES, App: YES
2014-05-06 17:16:00.206 GPS Recorder[16333:70b] Unlimited access to network resources
2014-05-06 17:16:00.224 GPS Recorder[16333:70b] [CDVTimer][file] 1.478016ms
2014-05-06 17:16:00.224 GPS Recorder[16333:70b] [CDVTimer][TotalPluginStartup] 2.081990ms
2014-05-06 17:16:00.241 GPS Recorder[16333:70b] Resetting plugins due to page load.
2014-05-06 17:16:00.309 GPS Recorder[16333:70b] Finished load of: file:///Users/jpetrello001/Library/Application%20Support/iPhone%20Simulator/7.1/Applications/D53AEA5C-94B9-455F-9E18-63F7E2C62C6E/GPS%20Recorder.app/www/index.html
2014-05-06 17:16:39.242 GPS Recorder[16462:70b] Multi-tasking -> Device: YES, App: YES
2014-05-06 17:16:39.252 GPS Recorder[16462:70b] Unlimited access to network resources
2014-05-06 17:16:39.278 GPS Recorder[16462:70b] [CDVTimer][file] 2.382994ms
2014-05-06 17:16:39.278 GPS Recorder[16462:70b] [CDVTimer][TotalPluginStartup] 2.976000ms
2014-05-06 17:16:39.394 GPS Recorder[16462:70b] Resetting plugins due to page load.
2014-05-06 17:16:39.480 GPS Recorder[16462:70b] Finished load of: file:///Users/jpetrello001/Library/Application%20Support/iPhone%20Simulator/7.1/Applications/D53AEA5C-94B9-455F-9E18-63F7E2C62C6E/GPS%20Recorder.app/www/index.html
2014-05-06 17:18:31.838 GPS Recorder[16602:70b] Multi-tasking -> Device: YES, App: YES
2014-05-06 17:18:31.849 GPS Recorder[16602:70b] Unlimited access to network resources
2014-05-06 17:18:31.875 GPS Recorder[16602:70b] [CDVTimer][file] 2.456009ms
2014-05-06 17:18:31.877 GPS Recorder[16602:70b] [CDVTimer][TotalPluginStartup] 3.865004ms
2014-05-06 17:18:31.989 GPS Recorder[16602:70b] Resetting plugins due to page load.
2014-05-06 17:18:32.113 GPS Recorder[16602:70b] Finished load of: file:///Users/jpetrello001/Library/Application%20Support/iPhone%20Simulator/7.1/Applications/D53AEA5C-94B9-455F-9E18-63F7E2C62C6E/GPS%20Recorder.app/www/index.html
2014-05-06 17:19:50.470 GPS Recorder[16787:70b] Multi-tasking -> Device: YES, App: YES
2014-05-06 17:19:50.481 GPS Recorder[16787:70b] Unlimited access to network resources
2014-05-06 17:19:50.506 GPS Recorder[16787:70b] [CDVTimer][file] 2.373993ms
2014-05-06 17:19:50.507 GPS Recorder[16787:70b] [CDVTimer][TotalPluginStartup] 2.978027ms
2014-05-06 17:19:50.615 GPS Recorder[16787:70b] Resetting plugins due to page load.
2014-05-06 17:19:50.724 GPS Recorder[16787:70b] Finished load of: file:///Users/jpetrello001/Library/Application%20Support/iPhone%20Simulator/7.1/Applications/D53AEA5C-94B9-455F-9E18-63F7E2C62C6E/GPS%20Recorder.app/www/index.html
2014-05-06 17:20:19.249 GPS Recorder[16787:70b] THREAD WARNING: ['File'] took '73.430908' ms. Plugin should use a background thread.
2014-05-06 17:20:19.261 GPS Recorder[16787:70b] Attachment path not found: file:///Users/jpetrello001/Library/Application%20Support/iPhone%20Simulator/7.1/Applications/D53AEA5C-94B9-455F-9E18-63F7E2C62C6E/Documents/log.json
2014-05-06 17:20:25.765 GPS Recorder[16787:70b] THREAD WARNING: ['File'] took '6502.895020' ms. Plugin should use a background thread.
2014-05-06 17:21:08.220 GPS Recorder[16925:70b] Multi-tasking -> Device: YES, App: YES
2014-05-06 17:21:08.231 GPS Recorder[16925:70b] Unlimited access to network resources
2014-05-06 17:21:08.256 GPS Recorder[16925:70b] [CDVTimer][file] 2.385974ms
2014-05-06 17:21:08.257 GPS Recorder[16925:70b] [CDVTimer][TotalPluginStartup] 2.983034ms
2014-05-06 17:21:08.353 GPS Recorder[16925:70b] Resetting plugins due to page load.
2014-05-06 17:21:08.457 GPS Recorder[16925:70b] Finished load of: file:///Users/jpetrello001/Library/Application%20Support/iPhone%20Simulator/7.1/Applications/D53AEA5C-94B9-455F-9E18-63F7E2C62C6E/GPS%20Recorder.app/www/index.html
2014-05-06 17:22:39.558 GPS Recorder[16925:70b] Attachment path not found: file:///Users/jpetrello001/Library/Application%20Support/iPhone%20Simulator/7.1/Applications/D53AEA5C-94B9-455F-9E18-63F7E2C62C6E/Documents/log.json
2014-05-06 17:22:43.013 GPS Recorder[16925:70b] THREAD WARNING: ['File'] took '3454.125732' ms. Plugin should use a background thread.
2014-05-07 14:13:34.173 GPS Recorder[21000:70b] Multi-tasking -> Device: YES, App: YES
2014-05-07 14:13:34.211 GPS Recorder[21000:70b] Unlimited access to network resources
2014-05-07 14:13:35.420 GPS Recorder[21000:70b] [CDVTimer][file] 2.304971ms
2014-05-07 14:13:35.420 GPS Recorder[21000:70b] [CDVTimer][TotalPluginStartup] 3.023028ms
2014-05-07 14:13:35.592 GPS Recorder[21000:70b] Resetting plugins due to page load.
2014-05-07 14:13:35.828 GPS Recorder[21000:70b] Finished load of: file:///Users/jpetrello001/Library/Application%20Support/iPhone%20Simulator/7.1/Applications/D53AEA5C-94B9-455F-9E18-63F7E2C62C6E/GPS%20Recorder.app/www/index.html
2014-05-07 14:14:18.773 GPS Recorder[21142:70b] Multi-tasking -> Device: YES, App: YES
2014-05-07 14:14:18.783 GPS Recorder[21142:70b] Unlimited access to network resources
2014-05-07 14:14:18.815 GPS Recorder[21142:70b] [CDVTimer][file] 2.398014ms
2014-05-07 14:14:18.815 GPS Recorder[21142:70b] [CDVTimer][TotalPluginStartup] 2.979040ms
2014-05-07 14:14:18.938 GPS Recorder[21142:70b] Resetting plugins due to page load.
2014-05-07 14:14:19.047 GPS Recorder[21142:70b] Finished load of: file:///Users/jpetrello001/Library/Application%20Support/iPhone%20Simulator/7.1/Applications/D53AEA5C-94B9-455F-9E18-63F7E2C62C6E/GPS%20Recorder.app/www/index.html
2014-05-07 14:16:17.394 GPS Recorder[21299:70b] Multi-tasking -> Device: YES, App: YES
2014-05-07 14:16:17.405 GPS Recorder[21299:70b] Unlimited access to network resources
2014-05-07 14:16:17.432 GPS Recorder[21299:70b] [CDVTimer][file] 2.636015ms
2014-05-07 14:16:17.433 GPS Recorder[21299:70b] [CDVTimer][TotalPluginStartup] 3.355026ms
2014-05-07 14:16:17.559 GPS Recorder[21299:70b] Resetting plugins due to page load.
2014-05-07 14:16:17.672 GPS Recorder[21299:70b] Finished load of: file:///Users/jpetrello001/Library/Application%20Support/iPhone%20Simulator/7.1/Applications/D53AEA5C-94B9-455F-9E18-63F7E2C62C6E/GPS%20Recorder.app/www/index.html
2014-05-07 14:16:43.435 GPS Recorder[21444:70b] Multi-tasking -> Device: YES, App: YES
2014-05-07 14:16:43.446 GPS Recorder[21444:70b] Unlimited access to network resources
2014-05-07 14:16:43.473 GPS Recorder[21444:70b] [CDVTimer][file] 2.348006ms
2014-05-07 14:16:43.474 GPS Recorder[21444:70b] [CDVTimer][TotalPluginStartup] 2.954006ms
2014-05-07 14:16:43.592 GPS Recorder[21444:70b] Resetting plugins due to page load.
2014-05-07 14:16:43.695 GPS Recorder[21444:70b] Finished load of: file:///Users/jpetrello001/Library/Application%20Support/iPhone%20Simulator/7.1/Applications/D53AEA5C-94B9-455F-9E18-63F7E2C62C6E/GPS%20Recorder.app/www/index.html
2014-05-07 14:54:59.116 GPS Recorder[21711:70b] Multi-tasking -> Device: YES, App: YES
2014-05-07 14:54:59.133 GPS Recorder[21711:70b] Unlimited access to network resources
2014-05-07 14:54:59.199 GPS Recorder[21711:70b] [CDVTimer][file] 2.304971ms
2014-05-07 14:54:59.210 GPS Recorder[21711:70b] [CDVTimer][TotalPluginStartup] 12.821019ms
2014-05-07 14:54:59.337 GPS Recorder[21711:70b] Resetting plugins due to page load.
2014-05-07 14:54:59.486 GPS Recorder[21711:70b] Finished load of: file:///Users/jpetrello001/Library/Application%20Support/iPhone%20Simulator/7.1/Applications/D53AEA5C-94B9-455F-9E18-63F7E2C62C6E/GPS%20Recorder.app/www/index.html
2014-05-07 14:59:14.704 GPS Recorder[21870:70b] Multi-tasking -> Device: YES, App: YES
2014-05-07 14:59:14.714 GPS Recorder[21870:70b] Unlimited access to network resources
2014-05-07 14:59:14.740 GPS Recorder[21870:70b] [CDVTimer][file] 2.435029ms
2014-05-07 14:59:14.740 GPS Recorder[21870:70b] [CDVTimer][TotalPluginStartup] 3.055036ms
2014-05-07 14:59:14.856 GPS Recorder[21870:70b] Resetting plugins due to page load.
2014-05-07 14:59:14.971 GPS Recorder[21870:70b] Finished load of: file:///Users/jpetrello001/Library/Application%20Support/iPhone%20Simulator/7.1/Applications/D53AEA5C-94B9-455F-9E18-63F7E2C62C6E/GPS%20Recorder.app/www/index.html
2014-05-07 15:02:24.768 GPS Recorder[22031:70b] Multi-tasking -> Device: YES, App: YES
2014-05-07 15:02:24.779 GPS Recorder[22031:70b] Unlimited access to network resources
2014-05-07 15:02:24.805 GPS Recorder[22031:70b] [CDVTimer][file] 2.420008ms
2014-05-07 15:02:24.805 GPS Recorder[22031:70b] [CDVTimer][TotalPluginStartup] 3.039002ms
2014-05-07 15:02:24.912 GPS Recorder[22031:70b] Resetting plugins due to page load.
2014-05-07 15:02:25.028 GPS Recorder[22031:70b] Finished load of: file:///Users/jpetrello001/Library/Application%20Support/iPhone%20Simulator/7.1/Applications/D53AEA5C-94B9-455F-9E18-63F7E2C62C6E/GPS%20Recorder.app/www/index.html
2014-05-07 15:12:35.133 GPS Recorder[22202:70b] Multi-tasking -> Device: YES, App: YES
2014-05-07 15:12:35.144 GPS Recorder[22202:70b] Unlimited access to network resources
2014-05-07 15:12:35.177 GPS Recorder[22202:70b] [CDVTimer][file] 2.445996ms
2014-05-07 15:12:35.177 GPS Recorder[22202:70b] [CDVTimer][TotalPluginStartup] 3.090978ms
2014-05-07 15:12:35.213 GPS Recorder[22202:70b] Resetting plugins due to page load.
2014-05-07 15:12:35.342 GPS Recorder[22202:70b] Finished load of: file:///Users/jpetrello001/Library/Application%20Support/iPhone%20Simulator/7.1/Applications/D53AEA5C-94B9-455F-9E18-63F7E2C62C6E/GPS%20Recorder.app/www/index.html
2014-05-07 15:13:19.295 GPS Recorder[22352:70b] Multi-tasking -> Device: YES, App: YES
2014-05-07 15:13:19.306 GPS Recorder[22352:70b] Unlimited access to network resources
2014-05-07 15:13:19.339 GPS Recorder[22352:70b] [CDVTimer][file] 2.506018ms
2014-05-07 15:13:19.343 GPS Recorder[22352:70b] [CDVTimer][TotalPluginStartup] 6.578982ms
2014-05-07 15:13:19.439 GPS Recorder[22352:70b] Resetting plugins due to page load.
2014-05-07 15:13:19.701 GPS Recorder[22352:70b] Finished load of: file:///Users/jpetrello001/Library/Application%20Support/iPhone%20Simulator/7.1/Applications/D53AEA5C-94B9-455F-9E18-63F7E2C62C6E/GPS%20Recorder.app/www/index.html
2014-05-07 15:14:12.464 GPS Recorder[22504:70b] Multi-tasking -> Device: YES, App: YES
2014-05-07 15:14:12.475 GPS Recorder[22504:70b] Unlimited access to network resources
2014-05-07 15:14:12.500 GPS Recorder[22504:70b] [CDVTimer][file] 2.581000ms
2014-05-07 15:14:12.500 GPS Recorder[22504:70b] [CDVTimer][TotalPluginStartup] 3.181994ms
2014-05-07 15:14:12.594 GPS Recorder[22504:70b] Resetting plugins due to page load.
2014-05-07 15:14:12.812 GPS Recorder[22504:70b] Finished load of: file:///Users/jpetrello001/Library/Application%20Support/iPhone%20Simulator/7.1/Applications/D53AEA5C-94B9-455F-9E18-63F7E2C62C6E/GPS%20Recorder.app/www/index.html
2014-05-07 15:15:34.298 GPS Recorder[22622:70b] Multi-tasking -> Device: YES, App: YES
2014-05-07 15:15:34.305 GPS Recorder[22622:70b] Unlimited access to network resources
2014-05-07 15:15:34.324 GPS Recorder[22622:70b] [CDVTimer][file] 1.470029ms
2014-05-07 15:15:34.325 GPS Recorder[22622:70b] [CDVTimer][TotalPluginStartup] 2.440989ms
2014-05-07 15:15:34.342 GPS Recorder[22622:70b] Resetting plugins due to page load.
2014-05-07 15:15:34.412 GPS Recorder[22622:70b] Finished load of: file:///Users/jpetrello001/Library/Application%20Support/iPhone%20Simulator/7.1/Applications/D53AEA5C-94B9-455F-9E18-63F7E2C62C6E/GPS%20Recorder.app/www/index.html
